2020-08-26 17:24:54,980 INFO o.a.j.u.JMeterUtils: Setting Locale to en_EN
2020-08-26 17:24:55,002 INFO o.a.j.JMeter: Loading user properties from: /Users/glenn/git/apache-jmeter-5.2.1/bin/user.properties
2020-08-26 17:24:55,003 INFO o.a.j.JMeter: Loading system properties from: /Users/glenn/git/apache-jmeter-5.2.1/bin/system.properties
2020-08-26 17:24:55,003 INFO o.a.j.JMeter: Setting JMeter property: duration=60
2020-08-26 17:24:55,004 INFO o.a.j.JMeter: Copyright (c) 1998-2019 The Apache Software Foundation
2020-08-26 17:24:55,004 INFO o.a.j.JMeter: Version 5.2.1
2020-08-26 17:24:55,004 INFO o.a.j.JMeter: java.version=12.0.1
2020-08-26 17:24:55,005 INFO o.a.j.JMeter: java.vm.name=Java HotSpot(TM) 64-Bit Server VM
2020-08-26 17:24:55,005 INFO o.a.j.JMeter: os.name=Mac OS X
2020-08-26 17:24:55,005 INFO o.a.j.JMeter: os.arch=x86_64
2020-08-26 17:24:55,005 INFO o.a.j.JMeter: os.version=10.15.6
2020-08-26 17:24:55,005 INFO o.a.j.JMeter: file.encoding=UTF-8
2020-08-26 17:24:55,005 INFO o.a.j.JMeter: java.awt.headless=null
2020-08-26 17:24:55,005 INFO o.a.j.JMeter: Max memory     =1073741824
2020-08-26 17:24:55,005 INFO o.a.j.JMeter: Available Processors =12
2020-08-26 17:24:55,014 INFO o.a.j.JMeter: Default Locale=English (EN)
2020-08-26 17:24:55,014 INFO o.a.j.JMeter: JMeter  Locale=English (EN)
2020-08-26 17:24:55,014 INFO o.a.j.JMeter: JMeterHome=/Users/glenn/git/apache-jmeter-5.2.1
2020-08-26 17:24:55,014 INFO o.a.j.JMeter: user.dir  =/Users/glenn/git/jmeter_cockroachdb
2020-08-26 17:24:55,014 INFO o.a.j.JMeter: PWD       =/Users/glenn/git/jmeter_cockroachdb
2020-08-26 17:24:55,070 INFO o.a.j.JMeter: IP: 192.168.0.49 Name: glennfawcett.local FullName: 192.168.0.49
2020-08-26 17:24:55,076 INFO o.a.j.s.FileServer: Default base='/Users/glenn/git/jmeter_cockroachdb'
2020-08-26 17:24:55,089 INFO o.a.j.s.FileServer: Set new base='/Users/glenn/git/jmeter_cockroachdb/.'
2020-08-26 17:24:55,194 INFO o.a.j.s.SaveService: Testplan (JMX) version: 2.2. Testlog (JTL) version: 2.2
2020-08-26 17:24:55,206 INFO o.a.j.s.SaveService: Using SaveService properties version 5.0
2020-08-26 17:24:55,208 INFO o.a.j.s.SaveService: Using SaveService properties file encoding UTF-8
2020-08-26 17:24:55,211 INFO o.a.j.s.SaveService: Loading file: ./crdb_jmeter_example1.jmx
2020-08-26 17:24:55,285 INFO o.a.j.JMeter: Creating summariser <summary>
2020-08-26 17:24:55,289 INFO o.a.j.e.StandardJMeterEngine: Running the test!
2020-08-26 17:24:55,294 INFO o.a.j.s.SampleEvent: List of sample_variables: []
2020-08-26 17:24:55,294 INFO o.a.j.s.SampleEvent: List of sample_variables: []
2020-08-26 17:24:55,299 INFO o.a.j.e.u.CompoundVariable: Note: Function class names must contain the string: '.functions.'
2020-08-26 17:24:55,299 INFO o.a.j.e.u.CompoundVariable: Note: Function class names must not contain the string: '.gui.'
2020-08-26 17:24:55,563 INFO r.y.c.ClickHouseDriver: Driver registered
2020-08-26 17:24:55,577 INFO o.a.j.JMeter: Running test (1598487895577)
2020-08-26 17:24:55,591 INFO o.a.j.e.StandardJMeterEngine: Starting ThreadGroup: 1 : MicroService0_Ping
2020-08-26 17:24:55,591 INFO o.a.j.e.StandardJMeterEngine: Starting 1 threads for group MicroService0_Ping.
2020-08-26 17:24:55,591 INFO o.a.j.e.StandardJMeterEngine: Thread will continue on error
2020-08-26 17:24:55,591 INFO o.a.j.t.ThreadGroup: Starting thread group... number=1 threads=1 ramp-up=1 delayedStart=false
2020-08-26 17:24:55,594 INFO o.a.j.t.ThreadGroup: Started thread group number 1
2020-08-26 17:24:55,594 INFO o.a.j.e.StandardJMeterEngine: Starting ThreadGroup: 2 : MicroService1_Dashboard
2020-08-26 17:24:55,595 INFO o.a.j.e.StandardJMeterEngine: Starting 1 threads for group MicroService1_Dashboard.
2020-08-26 17:24:55,595 INFO o.a.j.e.StandardJMeterEngine: Thread will continue on error
2020-08-26 17:24:55,597 INFO o.a.j.t.ThreadGroup: Starting thread group... number=2 threads=1 ramp-up=1 delayedStart=false
2020-08-26 17:24:55,597 INFO o.a.j.t.ThreadGroup: Started thread group number 2
2020-08-26 17:24:55,597 INFO o.a.j.e.StandardJMeterEngine: Starting ThreadGroup: 3 : MicroService2_Ingest_Single
2020-08-26 17:24:55,597 INFO o.a.j.e.StandardJMeterEngine: Starting 8 threads for group MicroService2_Ingest_Single.
2020-08-26 17:24:55,597 INFO o.a.j.e.StandardJMeterEngine: Thread will continue on error
2020-08-26 17:24:55,597 INFO o.a.j.t.ThreadGroup: Starting thread group... number=3 threads=8 ramp-up=1 delayedStart=false
2020-08-26 17:24:55,598 INFO o.a.j.t.JMeterThread: Thread started: MicroService2_Ingest_Single 3-1
2020-08-26 17:24:55,598 INFO o.a.j.t.JMeterThread: Thread started: MicroService0_Ping 1-1
2020-08-26 17:24:55,598 INFO o.a.j.t.JMeterThread: Thread started: MicroService1_Dashboard 2-1
2020-08-26 17:24:55,602 INFO o.a.j.t.ThreadGroup: Started thread group number 3
2020-08-26 17:24:55,602 INFO o.a.j.e.StandardJMeterEngine: Starting ThreadGroup: 4 : MicroService3_Ingest_Multi_Statement
2020-08-26 17:24:55,602 INFO o.a.j.e.StandardJMeterEngine: Starting 2 threads for group MicroService3_Ingest_Multi_Statement.
2020-08-26 17:24:55,602 INFO o.a.j.e.StandardJMeterEngine: Thread will continue on error
2020-08-26 17:24:55,602 INFO o.a.j.t.ThreadGroup: Starting thread group... number=4 threads=2 ramp-up=1 delayedStart=false
2020-08-26 17:24:55,603 INFO o.a.j.t.ThreadGroup: Started thread group number 4
2020-08-26 17:24:55,603 INFO o.a.j.t.JMeterThread: Thread started: MicroService3_Ingest_Multi_Statement 4-1
2020-08-26 17:24:55,603 INFO o.a.j.e.StandardJMeterEngine: Starting ThreadGroup: 5 : MicroService4_Ingest_Multi_value
2020-08-26 17:24:55,603 INFO o.a.j.e.StandardJMeterEngine: Starting 2 threads for group MicroService4_Ingest_Multi_value.
2020-08-26 17:24:55,604 INFO o.a.j.e.StandardJMeterEngine: Thread will continue on error
2020-08-26 17:24:55,604 INFO o.a.j.t.ThreadGroup: Starting thread group... number=5 threads=2 ramp-up=1 delayedStart=false
2020-08-26 17:24:55,605 INFO o.a.j.t.JMeterThread: Thread started: MicroService4_Ingest_Multi_value 5-1
2020-08-26 17:24:55,605 INFO o.a.j.t.ThreadGroup: Started thread group number 5
2020-08-26 17:24:55,605 INFO o.a.j.e.StandardJMeterEngine: Starting ThreadGroup: 6 : Adhoc_Weighted
2020-08-26 17:24:55,605 INFO o.a.j.e.StandardJMeterEngine: Starting 2 threads for group Adhoc_Weighted.
2020-08-26 17:24:55,605 INFO o.a.j.e.StandardJMeterEngine: Thread will continue on error
2020-08-26 17:24:55,606 INFO o.a.j.t.ThreadGroup: Starting thread group... number=6 threads=2 ramp-up=1 delayedStart=false
2020-08-26 17:24:55,607 INFO o.a.j.t.JMeterThread: Thread started: Adhoc_Weighted 6-1
2020-08-26 17:24:55,607 INFO o.a.j.t.ThreadGroup: Started thread group number 6
2020-08-26 17:24:55,607 INFO o.a.j.e.StandardJMeterEngine: All thread groups have been started
2020-08-26 17:24:55,607 INFO o.a.j.t.p.ConstantPoissonProcessGenerator: Generated 201 timings (Precise Throughput Timer 200 required, rate 2.0, duration 100, exact lim 10000, i201) in 3 ms, restart was issued 16 times. First 15 events will be fired at: 0.07377957666850636 (+0.07377957666850636), 0.7641703436737314 (+0.6903907670052251), 1.2925338079132664 (+0.5283634642395351), 2.050320409319002 (+0.7577866014057355), 2.1414925027875356 (+0.09117209346853361), 2.3542669386134474 (+0.21277443582591182), 2.4737543437591514 (+0.119487405145704), 2.5939901576126316 (+0.12023581385348026), 3.617982539530601 (+1.0239923819179695), 4.192207112891732 (+0.5742245733611311), 4.469809584769641 (+0.2776024718779091), 5.038221920857738 (+0.5684123360880964), 5.050870811607821 (+0.01264889075008302), 5.271194575270806 (+0.2203237636629849), 6.159449023093709 (+0.8882544478229031)
2020-08-26 17:24:55,607 INFO o.a.j.t.p.ConstantPoissonProcessGenerator: Generated 201 timings (Precise Throughput Timer 200 required, rate 2.0, duration 100, exact lim 10000, i201) in 2 ms, restart was issued 16 times. First 15 events will be fired at: 0.07414243838184796 (+0.07414243838184796), 0.22700243531889835 (+0.15285999693705038), 0.605074925127953 (+0.37807248980905467), 0.8690324359631747 (+0.2639575108352217), 1.3606352571517832 (+0.49160282118860854), 3.1103341912580613 (+1.749698934106278), 3.7501608162379823 (+0.6398266249799209), 4.2699547169069305 (+0.5197939006689483), 4.58920626639069 (+0.31925154948375933), 5.053467679093764 (+0.464261412703074), 6.547829332120079 (+1.4943616530263153), 6.647442208042708 (+0.09961287592262913), 6.795913358364507 (+0.14847115032179836), 7.046758164024338 (+0.25084480565983114), 7.140670339825639 (+0.09391217580130107)
2020-08-26 17:24:55,608 INFO o.a.j.t.p.ConstantPoissonProcessGenerator: Generated 251 timings (Precise Throughput Timer 250 required, rate 2.5, duration 100, exact lim 10000, i251) in 5 ms, restart was issued 44 times. First 15 events will be fired at: 0.16913534446368858 (+0.16913534446368858), 0.28800058326814987 (+0.11886523880446129), 0.34963539949888883 (+0.061634816230738965), 2.197471561406283 (+1.8478361619073942), 2.255441847117082 (+0.0579702857107991), 2.5895772710229723 (+0.33413542390589024), 2.646268039929385 (+0.05669076890641289), 3.177140301623904 (+0.530872261694519), 3.2088558458286736 (+0.03171554420476941), 3.3210044559618246 (+0.11214861013315103), 3.524066083824823 (+0.20306162786299842), 3.573344341557239 (+0.04927825773241601), 3.682579330745425 (+0.10923498918818586), 4.711391689666774 (+1.0288123589213494), 4.758915511352871 (+0.04752382168609692)
2020-08-26 17:24:55,658 INFO o.a.j.s.SampleResult: Note: Sample TimeStamps are START times
2020-08-26 17:24:55,658 INFO o.a.j.s.SampleResult: sampleresult.default.encoding is set to ISO-8859-1
2020-08-26 17:24:55,658 INFO o.a.j.s.SampleResult: sampleresult.useNanoTime=true
2020-08-26 17:24:55,658 INFO o.a.j.s.SampleResult: sampleresult.nanoThreadSleep=5000
2020-08-26 17:24:55,728 INFO o.a.j.t.JMeterThread: Thread started: MicroService2_Ingest_Single 3-2
2020-08-26 17:24:55,850 INFO o.a.j.t.JMeterThread: Thread started: MicroService2_Ingest_Single 3-3
2020-08-26 17:24:55,976 INFO o.a.j.t.JMeterThread: Thread started: MicroService2_Ingest_Single 3-4
2020-08-26 17:24:56,098 INFO o.a.j.t.JMeterThread: Thread started: MicroService2_Ingest_Single 3-5
2020-08-26 17:24:56,107 INFO o.a.j.t.JMeterThread: Thread started: MicroService3_Ingest_Multi_Statement 4-2
2020-08-26 17:24:56,107 INFO o.a.j.t.JMeterThread: Thread started: MicroService4_Ingest_Multi_value 5-2
2020-08-26 17:24:56,108 INFO o.a.j.t.JMeterThread: Thread started: Adhoc_Weighted 6-2
2020-08-26 17:24:56,226 INFO o.a.j.t.JMeterThread: Thread started: MicroService2_Ingest_Single 3-6
2020-08-26 17:24:56,348 INFO o.a.j.t.JMeterThread: Thread started: MicroService2_Ingest_Single 3-7
2020-08-26 17:24:56,476 INFO o.a.j.t.JMeterThread: Thread started: MicroService2_Ingest_Single 3-8
2020-08-26 17:25:00,052 INFO o.a.j.r.Summariser: summary +    117 in 00:00:04 =   26.2/s Avg:     5 Min:     0 Max:   126 Err:     0 (0.00%) Active: 16 Started: 16 Finished: 0
2020-08-26 17:25:30,017 INFO o.a.j.r.Summariser: summary +    758 in 00:00:30 =   25.3/s Avg:     1 Min:     0 Max:    13 Err:     0 (0.00%) Active: 16 Started: 16 Finished: 0
2020-08-26 17:25:30,018 INFO o.a.j.r.Summariser: summary =    875 in 00:00:34 =   25.4/s Avg:     2 Min:     0 Max:   126 Err:     0 (0.00%)
2020-08-26 17:25:53,718 INFO o.a.j.t.JMeterThread: Thread finished: MicroService0_Ping 1-1
2020-08-26 17:25:53,982 INFO o.a.j.t.JMeterThread: Stopping Thread: org.apache.jorphan.util.JMeterStopThreadException: The thread is scheduled to stop in -1622 ms and the throughput timer generates a delay of 2030. JMeter (as of 4.0) does not support interrupting of sleeping threads, thus terminating the thread manually.
2020-08-26 17:25:53,982 INFO o.a.j.t.JMeterThread: Stop Thread detected by thread: MicroService4_Ingest_Multi_value 5-1
2020-08-26 17:25:53,982 INFO o.a.j.t.JMeterThread: Thread finished: MicroService4_Ingest_Multi_value 5-1
2020-08-26 17:25:54,419 INFO o.a.j.t.JMeterThread: Stopping Thread: org.apache.jorphan.util.JMeterStopThreadException: The thread is scheduled to stop in -1181 ms and the throughput timer generates a delay of 1449. JMeter (as of 4.0) does not support interrupting of sleeping threads, thus terminating the thread manually.
2020-08-26 17:25:54,419 INFO o.a.j.t.JMeterThread: Stopping Thread: org.apache.jorphan.util.JMeterStopThreadException: The thread is scheduled to stop in -1179 ms and the throughput timer generates a delay of 1449. JMeter (as of 4.0) does not support interrupting of sleeping threads, thus terminating the thread manually.
2020-08-26 17:25:54,419 INFO o.a.j.t.JMeterThread: Stopping Thread: org.apache.jorphan.util.JMeterStopThreadException: The thread is scheduled to stop in -1182 ms and the throughput timer generates a delay of 1449. JMeter (as of 4.0) does not support interrupting of sleeping threads, thus terminating the thread manually.
2020-08-26 17:25:54,419 INFO o.a.j.t.JMeterThread: Stopping Thread: org.apache.jorphan.util.JMeterStopThreadException: The thread is scheduled to stop in -1178 ms and the throughput timer generates a delay of 1449. JMeter (as of 4.0) does not support interrupting of sleeping threads, thus terminating the thread manually.
2020-08-26 17:25:54,420 INFO o.a.j.t.JMeterThread: Stop Thread detected by thread: MicroService2_Ingest_Single 3-2
2020-08-26 17:25:54,420 INFO o.a.j.t.JMeterThread: Stop Thread detected by thread: MicroService2_Ingest_Single 3-1
2020-08-26 17:25:54,420 INFO o.a.j.t.JMeterThread: Stop Thread detected by thread: MicroService2_Ingest_Single 3-5
2020-08-26 17:25:54,420 INFO o.a.j.t.JMeterThread: Thread finished: MicroService2_Ingest_Single 3-2
2020-08-26 17:25:54,420 INFO o.a.j.t.JMeterThread: Stop Thread detected by thread: MicroService2_Ingest_Single 3-8
2020-08-26 17:25:54,420 INFO o.a.j.t.JMeterThread: Thread finished: MicroService2_Ingest_Single 3-1
2020-08-26 17:25:54,420 INFO o.a.j.t.JMeterThread: Thread finished: MicroService2_Ingest_Single 3-5
2020-08-26 17:25:54,420 INFO o.a.j.t.JMeterThread: Thread finished: MicroService2_Ingest_Single 3-8
2020-08-26 17:25:54,837 INFO o.a.j.t.JMeterThread: Stopping Thread: org.apache.jorphan.util.JMeterStopThreadException: The thread is scheduled to stop in -764 ms and the throughput timer generates a delay of 1466. JMeter (as of 4.0) does not support interrupting of sleeping threads, thus terminating the thread manually.
2020-08-26 17:25:54,838 INFO o.a.j.t.JMeterThread: Stopping Thread: org.apache.jorphan.util.JMeterStopThreadException: The thread is scheduled to stop in -764 ms and the throughput timer generates a delay of 1466. JMeter (as of 4.0) does not support interrupting of sleeping threads, thus terminating the thread manually.
2020-08-26 17:25:54,838 INFO o.a.j.t.JMeterThread: Stopping Thread: org.apache.jorphan.util.JMeterStopThreadException: The thread is scheduled to stop in -762 ms and the throughput timer generates a delay of 1465. JMeter (as of 4.0) does not support interrupting of sleeping threads, thus terminating the thread manually.
2020-08-26 17:25:54,838 INFO o.a.j.t.JMeterThread: Stopping Thread: org.apache.jorphan.util.JMeterStopThreadException: The thread is scheduled to stop in -761 ms and the throughput timer generates a delay of 1465. JMeter (as of 4.0) does not support interrupting of sleeping threads, thus terminating the thread manually.
2020-08-26 17:25:54,838 INFO o.a.j.t.JMeterThread: Stop Thread detected by thread: MicroService2_Ingest_Single 3-6
2020-08-26 17:25:54,838 INFO o.a.j.t.JMeterThread: Stop Thread detected by thread: MicroService2_Ingest_Single 3-7
2020-08-26 17:25:54,838 INFO o.a.j.t.JMeterThread: Stop Thread detected by thread: MicroService2_Ingest_Single 3-4
2020-08-26 17:25:54,838 INFO o.a.j.t.JMeterThread: Stop Thread detected by thread: MicroService2_Ingest_Single 3-3
2020-08-26 17:25:54,838 INFO o.a.j.t.JMeterThread: Thread finished: MicroService2_Ingest_Single 3-7
2020-08-26 17:25:54,838 INFO o.a.j.t.JMeterThread: Thread finished: MicroService2_Ingest_Single 3-4
2020-08-26 17:25:54,838 INFO o.a.j.t.JMeterThread: Thread finished: MicroService2_Ingest_Single 3-6
2020-08-26 17:25:54,838 INFO o.a.j.t.JMeterThread: Thread finished: MicroService2_Ingest_Single 3-3
2020-08-26 17:25:54,856 INFO o.a.j.t.JMeterThread: Thread finished: MicroService1_Dashboard 2-1
2020-08-26 17:25:54,859 INFO o.a.j.t.JMeterThread: Stopping Thread: org.apache.jorphan.util.JMeterStopThreadException: The thread is scheduled to stop in -743 ms and the throughput timer generates a delay of 1603. JMeter (as of 4.0) does not support interrupting of sleeping threads, thus terminating the thread manually.
2020-08-26 17:25:54,859 INFO o.a.j.t.JMeterThread: Stop Thread detected by thread: MicroService3_Ingest_Multi_Statement 4-1
2020-08-26 17:25:54,859 INFO o.a.j.t.JMeterThread: Thread finished: MicroService3_Ingest_Multi_Statement 4-1
2020-08-26 17:25:55,015 INFO o.a.j.t.JMeterThread: Stopping Thread: org.apache.jorphan.util.JMeterStopThreadException: The thread is scheduled to stop in -587 ms and the throughput timer generates a delay of 2140. JMeter (as of 4.0) does not support interrupting of sleeping threads, thus terminating the thread manually.
2020-08-26 17:25:55,015 INFO o.a.j.t.JMeterThread: Stop Thread detected by thread: MicroService3_Ingest_Multi_Statement 4-2
2020-08-26 17:25:55,015 INFO o.a.j.t.JMeterThread: Thread finished: MicroService3_Ingest_Multi_Statement 4-2
2020-08-26 17:25:55,445 INFO o.a.j.t.JMeterThread: Thread finished: Adhoc_Weighted 6-2
2020-08-26 17:25:55,565 INFO o.a.j.t.JMeterThread: Thread finished: Adhoc_Weighted 6-1
2020-08-26 17:25:55,586 INFO o.a.j.t.JMeterThread: Stopping Thread: org.apache.jorphan.util.JMeterStopThreadException: The thread is scheduled to stop in -18 ms and the throughput timer generates a delay of 555. JMeter (as of 4.0) does not support interrupting of sleeping threads, thus terminating the thread manually.
2020-08-26 17:25:55,586 INFO o.a.j.t.JMeterThread: Stop Thread detected by thread: MicroService4_Ingest_Multi_value 5-2
2020-08-26 17:25:55,587 INFO o.a.j.t.JMeterThread: Thread finished: MicroService4_Ingest_Multi_value 5-2
2020-08-26 17:25:55,587 INFO o.a.j.e.StandardJMeterEngine: Notifying test listeners of end of test
2020-08-26 17:25:55,593 INFO o.a.j.r.Summariser: summary +    573 in 00:00:26 =   22.4/s Avg:     1 Min:     0 Max:     5 Err:     0 (0.00%) Active: 0 Started: 16 Finished: 16
2020-08-26 17:25:55,593 INFO o.a.j.r.Summariser: summary =   1448 in 00:01:00 =   24.1/s Avg:     2 Min:     0 Max:   126 Err:     0 (0.00%)
